<?xml version="1.0" encoding="UTF-8"?>
<testsuite xmlns:xsi="http://www.w3.org/2001/XMLSchema-instance" xsi:noNamespaceSchemaLocation="https://maven.apache.org/surefire/maven-surefire-plugin/xsd/surefire-test-report-3.0.xsd" version="3.0" name="com.blacksky.helmtest.reader.service.MessageServiceTest" time="0.085" tests="1" errors="0" skipped="0" failures="0">
  <properties>
[...]
</properties>
  <testcase name="receive_keepsLast100MessagesInOrder" classname="com.blacksky.helmtest.reader.service.MessageServiceTest" time="0.071">
    <system-out><![CDATA[06:41:46.516 [main] INFO com.blacksky.helmtest.reader.service.MessageService -- Received message: MessageDTO{time=t-0, version=v, hostname=h}
06:41:46.520 [main] INFO com.blacksky.helmtest.reader.service.MessageService -- Received message: MessageDTO{time=t-1, version=v, hostname=h}
06:41:46.520 [main] INFO com.blacksky.helmtest.reader.service.MessageService -- Received message: MessageDTO{time=t-2, version=v, hostname=h}
06:41:46.520 [main] INFO com.blacksky.helmtest.reader.service.MessageService -- Received message: MessageDTO{time=t-3, version=v, hostname=h}
06:41:46.520 [main] INFO com.blacksky.helmtest.reader.service.MessageService -- Received message: MessageDTO{time=t-4, version=v, hostname=h}
06:41:46.520 [main] INFO com.blacksky.helmtest.reader.service.MessageService -- Received message: MessageDTO{time=t-5, version=v, hostname=h}
06:41:46.520 [main] INFO com.blacksky.helmtest.reader.service.MessageService -- Received message: MessageDTO{time=t-6, version=v, hostname=h}
06:41:46.521 [main] INFO com.blacksky.helmtest.reader.service.MessageService -- Received message: MessageDTO{time=t-7, version=v, hostname=h}
06:41:46.521 [main] INFO com.blacksky.helmtest.reader.service.MessageService -- Received message: MessageDTO{time=t-8, version=v, hostname=h}
06:41:46.521 [main] INFO com.blacksky.helmtest.reader.service.MessageService -- Received message: MessageDTO{time=t-9, version=v, hostname=h}
06:41:46.521 [main] INFO com.blacksky.helmtest.reader.service.MessageService -- Received message: MessageDTO{time=t-10, version=v, hostname=h}
06:41:46.521 [main] INFO com.blacksky.helmtest.reader.service.MessageService -- Received message: MessageDTO{time=t-11, version=v, hostname=h}
06:41:46.521 [main] INFO com.blacksky.helmtest.reader.service.MessageService -- Received message: MessageDTO{time=t-12, version=v, hostname=h}
06:41:46.521 [main] INFO com.blacksky.helmtest.reader.service.MessageService -- Received message: MessageDTO{time=t-13, version=v, hostname=h}
06:41:46.521 [main] INFO com.blacksky.helmtest.reader.service.MessageService -- Received message: MessageDTO{time=t-14, version=v, hostname=h}
06:41:46.521 [main] INFO com.blacksky.helmtest.reader.service.MessageService -- Received message: MessageDTO{time=t-15, version=v, hostname=h}
06:41:46.521 [main] INFO com.blacksky.helmtest.reader.service.MessageService -- Received message: MessageDTO{time=t-16, version=v, hostname=h}
06:41:46.521 [main] INFO com.blacksky.helmtest.reader.service.MessageService -- Received message: MessageDTO{time=t-17, version=v, hostname=h}
06:41:46.521 [main] INFO com.blacksky.helmtest.reader.service.MessageService -- Received message: MessageDTO{time=t-18, version=v, hostname=h}
06:41:46.521 [main] INFO com.blacksky.helmtest.reader.service.MessageService -- Received message: MessageDTO{time=t-19, version=v, hostname=h}
06:41:46.521 [main] INFO com.blacksky.helmtest.reader.service.MessageService -- Received message: MessageDTO{time=t-20, version=v, hostname=h}
06:41:46.521 [main] INFO com.blacksky.helmtest.reader.service.MessageService -- Received message: MessageDTO{time=t-21, version=v, hostname=h}
06:41:46.521 [main] INFO com.blacksky.helmtest.reader.service.MessageService -- Received message: MessageDTO{time=t-22, version=v, hostname=h}
06:41:46.521 [main] INFO com.blacksky.helmtest.reader.service.MessageService -- Received message: MessageDTO{time=t-23, version=v, hostname=h}
06:41:46.521 [main] INFO com.blacksky.helmtest.reader.service.MessageService -- Received message: MessageDTO{time=t-24, version=v, hostname=h}
06:41:46.521 [main] INFO com.blacksky.helmtest.reader.service.MessageService -- Received message: MessageDTO{time=t-25, version=v, hostname=h}
06:41:46.522 [main] INFO com.blacksky.helmtest.reader.service.MessageService -- Received message: MessageDTO{time=t-26, version=v, hostname=h}
06:41:46.522 [main] INFO com.blacksky.helmtest.reader.service.MessageService -- Received message: MessageDTO{time=t-27, version=v, hostname=h}
06:41:46.522 [main] INFO com.blacksky.helmtest.reader.service.MessageService -- Received message: MessageDTO{time=t-28, version=v, hostname=h}
06:41:46.522 [main] INFO com.blacksky.helmtest.reader.service.MessageService -- Received message: MessageDTO{time=t-29, version=v, hostname=h}
06:41:46.522 [main] INFO com.blacksky.helmtest.reader.service.MessageService -- Received message: MessageDTO{time=t-30, version=v, hostname=h}
06:41:46.522 [main] INFO com.blacksky.helmtest.reader.service.MessageService -- Received message: MessageDTO{time=t-31, version=v, hostname=h}
06:41:46.522 [main] INFO com.blacksky.helmtest.reader.service.MessageService -- Received message: MessageDTO{time=t-32, version=v, hostname=h}
06:41:46.522 [main] INFO com.blacksky.helmtest.reader.service.MessageService -- Received message: MessageDTO{time=t-33, version=v, hostname=h}
06:41:46.522 [main] INFO com.blacksky.helmtest.reader.service.MessageService -- Received message: MessageDTO{time=t-34, version=v, hostname=h}
06:41:46.522 [main] INFO com.blacksky.helmtest.reader.service.MessageService -- Received message: MessageDTO{time=t-35, version=v, hostname=h}
06:41:46.522 [main] INFO com.blacksky.helmtest.reader.service.MessageService -- Received message: MessageDTO{time=t-36, version=v, hostname=h}
06:41:46.522 [main] INFO com.blacksky.helmtest.reader.service.MessageService -- Received message: MessageDTO{time=t-37, version=v, hostname=h}
06:41:46.522 [main] INFO com.blacksky.helmtest.reader.service.MessageService -- Received message: MessageDTO{time=t-38, version=v, hostname=h}
06:41:46.522 [main] INFO com.blacksky.helmtest.reader.service.MessageService -- Received message: MessageDTO{time=t-39, version=v, hostname=h}
06:41:46.522 [main] INFO com.blacksky.helmtest.reader.service.MessageService -- Received message: MessageDTO{time=t-40, version=v, hostname=h}
06:41:46.522 [main] INFO com.blacksky.helmtest.reader.service.MessageService -- Received message: MessageDTO{time=t-41, version=v, hostname=h}
06:41:46.522 [main] INFO com.blacksky.helmtest.reader.service.MessageService -- Received message: MessageDTO{time=t-42, version=v, hostname=h}
06:41:46.523 [main] INFO com.blacksky.helmtest.reader.service.MessageService -- Received message: MessageDTO{time=t-43, version=v, hostname=h}
06:41:46.523 [main] INFO com.blacksky.helmtest.reader.service.MessageService -- Received message: MessageDTO{time=t-44, version=v, hostname=h}
06:41:46.523 [main] INFO com.blacksky.helmtest.reader.service.MessageService -- Received message: MessageDTO{time=t-45, version=v, hostname=h}
06:41:46.523 [main] INFO com.blacksky.helmtest.reader.service.MessageService -- Received message: MessageDTO{time=t-46, version=v, hostname=h}
06:41:46.523 [main] INFO com.blacksky.helmtest.reader.service.MessageService -- Received message: MessageDTO{time=t-47, version=v, hostname=h}
06:41:46.523 [main] INFO com.blacksky.helmtest.reader.service.MessageService -- Received message: MessageDTO{time=t-48, version=v, hostname=h}
06:41:46.523 [main] INFO com.blacksky.helmtest.reader.service.MessageService -- Received message: MessageDTO{time=t-49, version=v, hostname=h}
06:41:46.523 [main] INFO com.blacksky.helmtest.reader.service.MessageService -- Received message: MessageDTO{time=t-50, version=v, hostname=h}
06:41:46.523 [main] INFO com.blacksky.helmtest.reader.service.MessageService -- Received message: MessageDTO{time=t-51, version=v, hostname=h}
06:41:46.523 [main] INFO com.blacksky.helmtest.reader.service.MessageService -- Received message: MessageDTO{time=t-52, version=v, hostname=h}
06:41:46.523 [main] INFO com.blacksky.helmtest.reader.service.MessageService -- Received message: MessageDTO{time=t-53, version=v, hostname=h}
06:41:46.523 [main] INFO com.blacksky.helmtest.reader.service.MessageService -- Received message: MessageDTO{time=t-54, version=v, hostname=h}
06:41:46.523 [main] INFO com.blacksky.helmtest.reader.service.MessageService -- Received message: MessageDTO{time=t-55, version=v, hostname=h}
06:41:46.523 [main] INFO com.blacksky.helmtest.reader.service.MessageService -- Received message: MessageDTO{time=t-56, version=v, hostname=h}
06:41:46.523 [main] INFO com.blacksky.helmtest.reader.service.MessageService -- Received message: MessageDTO{time=t-57, version=v, hostname=h}
06:41:46.523 [main] INFO com.blacksky.helmtest.reader.service.MessageService -- Received message: MessageDTO{time=t-58, version=v, hostname=h}
06:41:46.523 [main] INFO com.blacksky.helmtest.reader.service.MessageService -- Received message: MessageDTO{time=t-59, version=v, hostname=h}
06:41:46.523 [main] INFO com.blacksky.helmtest.reader.service.MessageService -- Received message: MessageDTO{time=t-60, version=v, hostname=h}
06:41:46.523 [main] INFO com.blacksky.helmtest.reader.service.MessageService -- Received message: MessageDTO{time=t-61, version=v, hostname=h}
06:41:46.524 [main] INFO com.blacksky.helmtest.reader.service.MessageService -- Received message: MessageDTO{time=t-62, version=v, hostname=h}
06:41:46.524 [main] INFO com.blacksky.helmtest.reader.service.MessageService -- Received message: MessageDTO{time=t-63, version=v, hostname=h}
06:41:46.524 [main] INFO com.blacksky.helmtest.reader.service.MessageService -- Received message: MessageDTO{time=t-64, version=v, hostname=h}
06:41:46.524 [main] INFO com.blacksky.helmtest.reader.service.MessageService -- Received message: MessageDTO{time=t-65, version=v, hostname=h}
06:41:46.524 [main] INFO com.blacksky.helmtest.reader.service.MessageService -- Received message: MessageDTO{time=t-66, version=v, hostname=h}
06:41:46.524 [main] INFO com.blacksky.helmtest.reader.service.MessageService -- Received message: MessageDTO{time=t-67, version=v, hostname=h}
06:41:46.524 [main] INFO com.blacksky.helmtest.reader.service.MessageService -- Received message: MessageDTO{time=t-68, version=v, hostname=h}
06:41:46.524 [main] INFO com.blacksky.helmtest.reader.service.MessageService -- Received message: MessageDTO{time=t-69, version=v, hostname=h}
06:41:46.524 [main] INFO com.blacksky.helmtest.reader.service.MessageService -- Received message: MessageDTO{time=t-70, version=v, hostname=h}
06:41:46.524 [main] INFO com.blacksky.helmtest.reader.service.MessageService -- Received message: MessageDTO{time=t-71, version=v, hostname=h}
06:41:46.524 [main] INFO com.blacksky.helmtest.reader.service.MessageService -- Received message: MessageDTO{time=t-72, version=v, hostname=h}
06:41:46.524 [main] INFO com.blacksky.helmtest.reader.service.MessageService -- Received message: MessageDTO{time=t-73, version=v, hostname=h}
06:41:46.524 [main] INFO com.blacksky.helmtest.reader.service.MessageService -- Received message: MessageDTO{time=t-74, version=v, hostname=h}
06:41:46.524 [main] INFO com.blacksky.helmtest.reader.service.MessageService -- Received message: MessageDTO{time=t-75, version=v, hostname=h}
06:41:46.524 [main] INFO com.blacksky.helmtest.reader.service.MessageService -- Received message: MessageDTO{time=t-76, version=v, hostname=h}
06:41:46.524 [main] INFO com.blacksky.helmtest.reader.service.MessageService -- Received message: MessageDTO{time=t-77, version=v, hostname=h}
06:41:46.524 [main] INFO com.blacksky.helmtest.reader.service.MessageService -- Received message: MessageDTO{time=t-78, version=v, hostname=h}
06:41:46.524 [main] INFO com.blacksky.helmtest.reader.service.MessageService -- Received message: MessageDTO{time=t-79, version=v, hostname=h}
06:41:46.524 [main] INFO com.blacksky.helmtest.reader.service.MessageService -- Received message: MessageDTO{time=t-80, version=v, hostname=h}
06:41:46.524 [main] INFO com.blacksky.helmtest.reader.service.MessageService -- Received message: MessageDTO{time=t-81, version=v, hostname=h}
06:41:46.525 [main] INFO com.blacksky.helmtest.reader.service.MessageService -- Received message: MessageDTO{time=t-82, version=v, hostname=h}
06:41:46.525 [main] INFO com.blacksky.helmtest.reader.service.MessageService -- Received message: MessageDTO{time=t-83, version=v, hostname=h}
06:41:46.525 [main] INFO com.blacksky.helmtest.reader.service.MessageService -- Received message: MessageDTO{time=t-84, version=v, hostname=h}
06:41:46.525 [main] INFO com.blacksky.helmtest.reader.service.MessageService -- Received message: MessageDTO{time=t-85, version=v, hostname=h}
06:41:46.525 [main] INFO com.blacksky.helmtest.reader.service.MessageService -- Received message: MessageDTO{time=t-86, version=v, hostname=h}
06:41:46.525 [main] INFO com.blacksky.helmtest.reader.service.MessageService -- Received message: MessageDTO{time=t-87, version=v, hostname=h}
06:41:46.525 [main] INFO com.blacksky.helmtest.reader.service.MessageService -- Received message: MessageDTO{time=t-88, version=v, hostname=h}
06:41:46.525 [main] INFO com.blacksky.helmtest.reader.service.MessageService -- Received message: MessageDTO{time=t-89, version=v, hostname=h}
06:41:46.525 [main] INFO com.blacksky.helmtest.reader.service.MessageService -- Received message: MessageDTO{time=t-90, version=v, hostname=h}
06:41:46.525 [main] INFO com.blacksky.helmtest.reader.service.MessageService -- Received message: MessageDTO{time=t-91, version=v, hostname=h}
06:41:46.525 [main] INFO com.blacksky.helmtest.reader.service.MessageService -- Received message: MessageDTO{time=t-92, version=v, hostname=h}
06:41:46.525 [main] INFO com.blacksky.helmtest.reader.service.MessageService -- Received message: MessageDTO{time=t-93, version=v, hostname=h}
06:41:46.525 [main] INFO com.blacksky.helmtest.reader.service.MessageService -- Received message: MessageDTO{time=t-94, version=v, hostname=h}
06:41:46.525 [main] INFO com.blacksky.helmtest.reader.service.MessageService -- Received message: MessageDTO{time=t-95, version=v, hostname=h}
06:41:46.525 [main] INFO com.blacksky.helmtest.reader.service.MessageService -- Received message: MessageDTO{time=t-96, version=v, hostname=h}
06:41:46.525 [main] INFO com.blacksky.helmtest.reader.service.MessageService -- Received message: MessageDTO{time=t-97, version=v, hostname=h}
06:41:46.525 [main] INFO com.blacksky.helmtest.reader.service.MessageService -- Received message: MessageDTO{time=t-98, version=v, hostname=h}
06:41:46.525 [main] INFO com.blacksky.helmtest.reader.service.MessageService -- Received message: MessageDTO{time=t-99, version=v, hostname=h}
06:41:46.525 [main] INFO com.blacksky.helmtest.reader.service.MessageService -- Received message: MessageDTO{time=t-100, version=v, hostname=h}
06:41:46.525 [main] INFO com.blacksky.helmtest.reader.service.MessageService -- Received message: MessageDTO{time=t-101, version=v, hostname=h}
06:41:46.526 [main] INFO com.blacksky.helmtest.reader.service.MessageService -- Received message: MessageDTO{time=t-102, version=v, hostname=h}
06:41:46.526 [main] INFO com.blacksky.helmtest.reader.service.MessageService -- Received message: MessageDTO{time=t-103, version=v, hostname=h}
06:41:46.526 [main] INFO com.blacksky.helmtest.reader.service.MessageService -- Received message: MessageDTO{time=t-104, version=v, hostname=h}
]]></system-out>
  </testcase>
</testsuite>